<?xml version="1.0" encoding="UTF-8"?>
<!-- Generated by org.testng.reporters.JUnitReportReporter -->
<testsuite hostname="LAPTOP-M2CGEPM3" failures="0" tests="1" name="com.testng.annotations.ExceptionTest" time="0.008" errors="0" timestamp="2021-10-19T18:29:45 IST" skipped="0">
  <testcase classname="com.testng.annotations.ExceptionTest" name="calc" time="0.008"/>
  <system-out/>
</testsuite> <!-- com.testng.annotations.ExceptionTest -->
