<?xml version="1.0" encoding="UTF-8"?>
<!-- Generated by org.testng.reporters.JUnitReportReporter -->
<testsuite hostname="KESAVARAJ" failures="0" tests="2" name="com.testng.annotations.ParallelTest" time="9.930" errors="0" timestamp="2021-10-28T21:46:24 IST" skipped="0">
  <testcase classname="com.testng.annotations.ParallelTest" name="amazon" time="5.715"/>
  <system-out/>
  <testcase classname="com.testng.annotations.ParallelTest" name="flipkard" time="4.215"/>
  <system-out/>
</testsuite> <!-- com.testng.annotations.ParallelTest -->
