<?xml version="1.0" encoding="UTF-8"?>
<!-- Generated by org.testng.reporters.JUnitReportReporter -->
<testsuite hostname="LAPTOP-M2CGEPM3" failures="0" tests="10" name="com.testng.features.InnvocationTest" time="0.035" errors="0" timestamp="2021-10-19T10:04:50 IST" skipped="0">
  <testcase classname="com.testng.features.InnvocationTest" name="searchMobile" time="0.016"/>
  <system-out/>
  <testcase classname="com.testng.features.InnvocationTest" name="searchLaptop" time="0.001"/>
  <system-out/>
  <testcase classname="com.testng.features.InnvocationTest" name="searchWatch" time="0.002"/>
  <system-out/>
  <testcase classname="com.testng.features.InnvocationTest" name="searchLaptop" time="0.001"/>
  <system-out/>
  <testcase classname="com.testng.features.InnvocationTest" name="searchLaptop" time="0.000"/>
  <system-out/>
  <testcase classname="com.testng.features.InnvocationTest" name="searchMobile" time="0.001"/>
  <system-out/>
  <testcase classname="com.testng.features.InnvocationTest" name="searchLaptop" time="0.008"/>
  <system-out/>
  <testcase classname="com.testng.features.InnvocationTest" name="searchLaptop" time="0.000"/>
  <system-out/>
  <testcase classname="com.testng.features.InnvocationTest" name="searchWatch" time="0.004"/>
  <system-out/>
  <testcase classname="com.testng.features.InnvocationTest" name="searchWatch" time="0.002"/>
  <system-out/>
</testsuite> <!-- com.testng.features.InnvocationTest -->
