<?xml version="1.0" encoding="UTF-8"?>
<!-- Generated by org.testng.reporters.JUnitReportReporter -->
<testsuite hostname="KESAVARAJ" failures="0" tests="1" name="com.testng.annotations.Parameterised" time="0.006" errors="0" timestamp="2021-10-26T23:14:51 IST" skipped="0">
  <testcase classname="com.testng.annotations.Parameterised" name="login" time="0.006"/>
  <system-out/>
</testsuite> <!-- com.testng.annotations.Parameterised -->
