<?xml version="1.0" encoding="UTF-8"?>
<!-- Generated by org.testng.reporters.JUnitReportReporter -->
<testsuite hostname="KESAVARAJ" failures="0" tests="1" name="com.testing.annotations.DataProvider" time="0.006" errors="0" timestamp="2021-10-30T19:03:23 IST" skipped="0">
  <testcase classname="com.testing.annotations.DataProvider" name="login" time="0.006"/>
  <system-out/>
</testsuite> <!-- com.testing.annotations.DataProvider -->
