<?xml version="1.0" encoding="UTF-8"?>
<!-- Generated by org.testng.reporters.JUnitReportReporter -->
<testsuite hostname="LAPTOP-M2CGEPM3" failures="0" tests="4" name="com.testng.annotations.GroupOfGroup" time="0.009" errors="0" timestamp="2021-10-19T21:24:55 IST" skipped="0">
  <testcase classname="com.testng.annotations.GroupOfGroup" name="selenium" time="0.001"/>
  <system-out/>
  <testcase classname="com.testng.annotations.GroupOfGroup" name="selenium2" time="0.001"/>
  <system-out/>
  <testcase classname="com.testng.annotations.GroupOfGroup" name="api" time="0.007"/>
  <system-out/>
  <testcase classname="com.testng.annotations.GroupOfGroup" name="api2" time="0.000"/>
  <system-out/>
</testsuite> <!-- com.testng.annotations.GroupOfGroup -->
