<?xml version="1.0" encoding="UTF-8"?>
<!-- Generated by org.testng.reporters.JUnitReportReporter -->
<testsuite hostname="LAPTOP-M2CGEPM3" failures="0" tests="6" name="com.testng.annotations.Innvocation" time="0.019" errors="0" timestamp="2021-10-20T19:57:58 IST" skipped="0">
  <testcase classname="com.testng.annotations.Innvocation" name="tv" time="0.001"/>
  <system-out/>
  <testcase classname="com.testng.annotations.Innvocation" name="car" time="0.014"/>
  <system-out/>
  <testcase classname="com.testng.annotations.Innvocation" name="car" time="0.002"/>
  <system-out/>
  <testcase classname="com.testng.annotations.Innvocation" name="car" time="0.001"/>
  <system-out/>
  <testcase classname="com.testng.annotations.Innvocation" name="mobile" time="0.001"/>
  <system-out/>
  <testcase classname="com.testng.annotations.Innvocation" name="tv" time="0.000"/>
  <system-out/>
</testsuite> <!-- com.testng.annotations.Innvocation -->
