<?xml version="1.0" encoding="UTF-8"?>
<!-- Generated by org.testng.reporters.JUnitReportReporter -->
<testsuite hostname="KESAVARAJ" failures="0" tests="2" name="com.testng.annotations.TimeOut" time="2.024" errors="0" timestamp="2021-10-26T23:07:17 IST" skipped="0">
  <testcase classname="com.testng.annotations.TimeOut" name="searchTv" time="2.015"/>
  <system-out/>
  <testcase classname="com.testng.annotations.TimeOut" name="searchBike" time="0.009"/>
  <system-out/>
</testsuite> <!-- com.testng.annotations.TimeOut -->
