<?xml version="1.0" encoding="UTF-8"?>
<!-- Generated by org.testng.reporters.JUnitReportReporter -->
<testsuite hostname="KESAVARAJ" failures="0" tests="3" name="com.testing.annotations.SimpleAnnotations" time="0.009" errors="0" timestamp="2021-10-27T10:49:54 IST" skipped="1">
  <testcase classname="com.testing.annotations.SimpleAnnotations" name="logOut" time="0.008"/>
  <system-out/>
  <testcase classname="com.testing.annotations.SimpleAnnotations" name="url" time="0.001"/>
  <system-out/>
  <testcase classname="com.testing.annotations.SimpleAnnotations" name="launchBrowser">
    <skipped/>
  </testcase> <!-- launchBrowser -->
  <system-out/>
</testsuite> <!-- com.testing.annotations.SimpleAnnotations -->
