<?xml version="1.0" encoding="UTF-8"?>
<!-- Generated by org.testng.reporters.JUnitReportReporter -->
<testsuite hostname="KESAVARAJ" failures="0" tests="3" name="com.testng.annotations.DataProvider1" time="0.008" errors="0" timestamp="2021-10-30T19:42:05 IST" skipped="0">
  <testcase classname="com.testng.annotations.DataProvider1" name="login" time="0.006"/>
  <system-out/>
  <testcase classname="com.testng.annotations.DataProvider1" name="login" time="0.001"/>
  <system-out/>
  <testcase classname="com.testng.annotations.DataProvider1" name="login" time="0.001"/>
  <system-out/>
</testsuite> <!-- com.testng.annotations.DataProvider1 -->
