<?xml version="1.0" encoding="UTF-8"?>
<!-- Generated by org.testng.reporters.JUnitReportReporter -->
<testsuite hostname="LAPTOP-M2CGEPM3" failures="0" tests="2" name="com.testng.annotations.SimpleAnnotations" time="0.019" errors="0" timestamp="2021-10-20T19:38:17 IST" skipped="0">
  <testcase classname="com.testng.annotations.SimpleAnnotations" name="searchWatch" time="0.003"/>
  <system-out/>
  <testcase classname="com.testng.annotations.SimpleAnnotations" name="searchLaptop" time="0.016"/>
  <system-out/>
</testsuite> <!-- com.testng.annotations.SimpleAnnotations -->
