<?xml version="1.0" encoding="UTF-8"?>
<!-- Generated by org.testng.reporters.JUnitReportReporter -->
<testsuite hostname="KESAVARAJ" failures="0" tests="1" name="com.testng.annotations.AssertTest" time="0.011" errors="0" timestamp="2021-10-28T22:40:01 IST" skipped="0">
  <testcase classname="com.testng.annotations.AssertTest" name="secondTest" time="0.011"/>
  <system-out/>
</testsuite> <!-- com.testng.annotations.AssertTest -->
