<?xml version="1.0" encoding="UTF-8"?>
<!-- Generated by org.testng.reporters.JUnitReportReporter -->
<testsuite hostname="LAPTOP-M2CGEPM3" failures="0" tests="4" name="com.testng.features.GroupTest" time="0.026" errors="0" timestamp="2021-10-19T10:28:12 IST" skipped="0">
  <testcase classname="com.testng.features.GroupTest" name="selenium1" time="0.001"/>
  <system-out/>
  <testcase classname="com.testng.features.GroupTest" name="selenium2" time="0.002"/>
  <system-out/>
  <testcase classname="com.testng.features.GroupTest" name="api1" time="0.023"/>
  <system-out/>
  <testcase classname="com.testng.features.GroupTest" name="api2" time="0.000"/>
  <system-out/>
</testsuite> <!-- com.testng.features.GroupTest -->
