<?xml version="1.0" encoding="UTF-8"?>
<!-- Generated by org.testng.reporters.JUnitReportReporter -->
<testsuite hostname="LAPTOP-M2CGEPM3" failures="0" tests="5" name="com.testng.features.PriorityTest" time="0.017" errors="0" timestamp="2021-10-20T20:00:52 IST" skipped="0">
  <testcase classname="com.testng.features.PriorityTest" name="searchTv" time="0.011"/>
  <system-out/>
  <testcase classname="com.testng.features.PriorityTest" name="searchWatch" time="0.004"/>
  <system-out/>
  <testcase classname="com.testng.features.PriorityTest" name="searchAirpods" time="0.001"/>
  <system-out/>
  <testcase classname="com.testng.features.PriorityTest" name="searchLaptop" time="0.000"/>
  <system-out/>
  <testcase classname="com.testng.features.PriorityTest" name="searchMobile" time="0.001"/>
  <system-out/>
</testsuite> <!-- com.testng.features.PriorityTest -->
