<?xml version="1.0" encoding="UTF-8"?>
<!-- Generated by org.testng.reporters.JUnitReportReporter -->
<testsuite hostname="LAPTOP-M2CGEPM3" failures="0" tests="4" name="com.testng.annotations.PriorityTest" time="0.010" errors="0" timestamp="2021-10-19T18:12:26 IST" skipped="0">
  <testcase classname="com.testng.annotations.PriorityTest" name="searchCar" time="0.007"/>
  <system-out/>
  <testcase classname="com.testng.annotations.PriorityTest" name="searchLap" time="0.001"/>
  <system-out/>
  <testcase classname="com.testng.annotations.PriorityTest" name="searchTv" time="0.001"/>
  <system-out/>
  <testcase classname="com.testng.annotations.PriorityTest" name="searchMobile" time="0.001"/>
  <system-out/>
</testsuite> <!-- com.testng.annotations.PriorityTest -->
