<?xml version="1.0" encoding="UTF-8"?>
<!-- Generated by org.testng.reporters.JUnitReportReporter -->
<testsuite hostname="LAPTOP-M2CGEPM3" failures="0" tests="6" name="com.testng.annotations.PriorityTest1" time="0.016" errors="0" timestamp="2021-10-20T20:00:07 IST" skipped="0">
  <testcase classname="com.testng.annotations.PriorityTest1" name="searchCar" time="0.000"/>
  <system-out/>
  <testcase classname="com.testng.annotations.PriorityTest1" name="auto" time="0.011"/>
  <system-out/>
  <testcase classname="com.testng.annotations.PriorityTest1" name="searchBike" time="0.000"/>
  <system-out/>
  <testcase classname="com.testng.annotations.PriorityTest1" name="searchMobile" time="0.001"/>
  <system-out/>
  <testcase classname="com.testng.annotations.PriorityTest1" name="searchTv" time="0.001"/>
  <system-out/>
  <testcase classname="com.testng.annotations.PriorityTest1" name="searchLap" time="0.003"/>
  <system-out/>
</testsuite> <!-- com.testng.annotations.PriorityTest1 -->
